2023-11-13 17:41:14.896  INFO 32696 --- [restartedMain] (system) com.example.DemoBackendApplication       : Starting DemoBackendApplication using Java 17.0.1 with PID 32696 (E:\IDEAProjects\IntegralDemo\demo_backend\target\classes started by alleyf in E:\IDEAProjects\IntegralDemo)
2023-11-13 17:41:14.919  INFO 32696 --- [restartedMain] (system) com.example.DemoBackendApplication       : The following 1 profile is active: "dev"
2023-11-13 17:41:15.143  INFO 32696 --- [restartedMain] (system) .e.DevToolsPropertyDefaultsPostProcessor : Devtools property defaults active! Set 'spring.devtools.add-properties' to 'false' to disable
2023-11-13 17:41:15.144  INFO 32696 --- [restartedMain] (system) .e.DevToolsPropertyDefaultsPostProcessor : For additional web related logging consider setting the 'logging.level.web' property to 'DEBUG'
2023-11-13 17:41:18.580  INFO 32696 --- [restartedMain] (system) .s.d.r.c.RepositoryConfigurationDelegate : Multiple Spring Data modules found, entering strict repository configuration mode
2023-11-13 17:41:18.593  INFO 32696 --- [restartedMain] (system) .s.d.r.c.RepositoryConfigurationDelegate : Bootstrapping Spring Data Redis repositories in DEFAULT mode.
2023-11-13 17:41:18.675  INFO 32696 --- [restartedMain] (system) .s.d.r.c.RepositoryConfigurationDelegate : Finished Spring Data repository scanning in 30 ms. Found 0 Redis repository interfaces.
2023-11-13 17:41:21.864  INFO 32696 --- [restartedMain] (system) o.s.b.w.embedded.tomcat.TomcatWebServer  : Tomcat initialized with port(s): 8080 (http)
2023-11-13 17:41:21.885  INFO 32696 --- [restartedMain] (system) o.apache.catalina.core.StandardService   : Starting service [Tomcat]
2023-11-13 17:41:21.887  INFO 32696 --- [restartedMain] (system) o.apache.catalina.core.StandardEngine    : Starting Servlet engine: [Apache Tomcat/10.1.15]
2023-11-13 17:41:22.149  INFO 32696 --- [restartedMain] (system) o.a.c.c.C.[Tomcat].[localhost].[/]       : Initializing Spring embedded WebApplicationContext
2023-11-13 17:41:22.150  INFO 32696 --- [restartedMain] (system) w.s.c.ServletWebServerApplicationContext : Root WebApplicationContext: initialization completed in 7004 ms
2023-11-13 17:41:29.683  INFO 32696 --- [restartedMain] (system) o.s.s.web.DefaultSecurityFilterChain     : Will secure any request with [org.springframework.security.web.session.DisableEncodeUrlFilter@237cb993, org.springframework.security.web.context.request.async.WebAsyncManagerIntegrationFilter@4334ef81, org.springframework.security.web.context.SecurityContextHolderFilter@7802d91d, org.springframework.security.web.header.HeaderWriterFilter@67b874f3, org.springframework.security.web.authentication.logout.LogoutFilter@122d8842, com.example.filter.JwtAuthorizeFilter@42a023e3, org.springframework.security.web.authentication.UsernamePasswordAuthenticationFilter@187def89, org.springframework.security.web.savedrequest.RequestCacheAwareFilter@5d34cac8, org.springframework.security.web.servletapi.SecurityContextHolderAwareRequestFilter@65c4879d, org.springframework.security.web.authentication.AnonymousAuthenticationFilter@9a8f18b, org.springframework.security.web.session.SessionManagementFilter@409452bf, org.springframework.security.web.access.ExceptionTranslationFilter@1bb278fb, org.springframework.security.web.access.intercept.AuthorizationFilter@2e7f68b4]
2023-11-13 17:41:31.040  INFO 32696 --- [restartedMain] (system) o.s.b.d.a.OptionalLiveReloadServer       : LiveReload server is running on port 35729
2023-11-13 17:41:31.223  WARN 32696 --- [restartedMain] (system) ocalVariableTableParameterNameDiscoverer : Using deprecated '-debug' fallback for parameter name resolution. Compile the affected code with '-parameters' instead or avoid its introspection: org.springframework.amqp.rabbit.core.RabbitAdmin
2023-11-13 17:41:31.460  INFO 32696 --- [restartedMain] (system) o.s.b.w.embedded.tomcat.TomcatWebServer  : Tomcat started on port(s): 8080 (http) with context path ''
2023-11-13 17:41:31.472  INFO 32696 --- [restartedMain] (system) o.s.a.r.c.CachingConnectionFactory       : Attempting to connect to: [localhost:5672]
2023-11-13 17:41:31.633  INFO 32696 --- [restartedMain] (system) o.s.a.r.c.CachingConnectionFactory       : Created new connection: rabbitConnectionFactory#7323ae6a:0/SimpleConnection@10602bba [delegate=amqp://admin@127.0.0.1:5672/, localPort=20740]
2023-11-13 17:41:31.853  INFO 32696 --- [restartedMain] (system) com.example.DemoBackendApplication       : Started DemoBackendApplication in 18.942 seconds (process running for 20.093)
2023-11-13 17:45:02.578  INFO 32696 --- [http-nio-8080-exec-1] (system) o.a.c.c.C.[Tomcat].[localhost].[/]       : Initializing Spring DispatcherServlet 'dispatcherServlet'
2023-11-13 17:45:02.579  INFO 32696 --- [http-nio-8080-exec-1] (system) o.s.web.servlet.DispatcherServlet        : Initializing Servlet 'dispatcherServlet'
2023-11-13 17:45:02.583  INFO 32696 --- [http-nio-8080-exec-1] (system) o.s.web.servlet.DispatcherServlet        : Completed initialization in 4 ms
2023-11-13 18:08:23.956  INFO 32696 --- [org.springframework.amqp.rabbit.RabbitListenerEndpointContainer#0-2] (system) o.s.a.r.l.SimpleMessageListenerContainer : Waiting for workers to finish.
2023-11-13 18:08:24.792  INFO 32696 --- [org.springframework.amqp.rabbit.RabbitListenerEndpointContainer#0-2] (system) o.s.a.r.l.SimpleMessageListenerContainer : Successfully waited for workers to finish.
